<?xml version="1.0" encoding="UTF-8"?>
<!-- Generated by org.testng.reporters.JUnitReportReporter -->
<testsuite hostname="LAPTOP-3MRHSLFE" failures="0" tests="3" name="testNG.LaunchWebsite" time="25.747" errors="0" timestamp="2022-06-09T20:57:39 IST" skipped="0">
  <testcase classname="testNG.LaunchWebsite" name="FlipkartLogin" time="18.313"/>
  <system-out>
    <![CDATA[This is Flipkart Login]]>
  </system-out>
  <testcase classname="testNG.LaunchWebsite" name="AmazonLogin" time="4.369"/>
  <system-out>
    <![CDATA[This is amazon Login]]>
  </system-out>
  <testcase classname="testNG.LaunchWebsite" name="KiteLogin" time="3.065"/>
  <system-out/>
</testsuite> <!-- testNG.LaunchWebsite -->
